debug 2025/05/24 07:53:56 program was killed: program experienced a panic
debug 2025/05/24 08:19:51 program was killed: program was interrupted
debug 2025/05/24 17:50:29 program was killed: program experienced a panic
debug 2025/05/24 17:51:10 program was killed: program experienced a panic
debug 2025/05/24 18:04:24 program was killed: program was interrupted
debug 2025/05/25 07:30:17 program was killed: program was interrupted
debug 2025/05/26 19:20:42 program was killed: program was interrupted
debug 2025/05/26 19:33:26 program was killed: program was interrupted
debug 2025/05/26 19:33:58 program was killed: program was interrupted
debug 2025/05/26 19:41:07 program was killed: program was interrupted
debug 2025/05/26 19:58:39 program was killed: program was interrupted
debug 2025/05/26 20:00:03 program was killed: program was interrupted
debug 2025/05/26 20:01:22 program was killed: program was interrupted
debug 2025/05/26 20:07:54 program was killed: program was interrupted
debug 2025/05/28 16:42:42 Request package successfully initialized
debug 2025/05/28 16:42:54 program was killed: program experienced a panic
debug 2025/05/28 16:43:10 Request package successfully initialized
debug 2025/05/28 16:43:17 Halsten Grutz :: Garnoth
debug 2025/05/28 16:43:18 Halsten Grutz :: Garnoth
debug 2025/05/28 16:43:18 Halsten Grutz :: Garnoth
debug 2025/05/28 16:43:18 Halsten Grutz :: Garnoth
debug 2025/05/28 16:43:19 Halsten Grutz :: Garnoth
debug 2025/05/28 16:43:19 Halsten Grutz :: Garnoth
debug 2025/05/28 16:50:36 Request package successfully initialized
debug 2025/05/28 16:50:43 program was killed: program experienced a panic
debug 2025/05/28 16:53:58 Request package successfully initialized
debug 2025/05/28 16:54:59 Request package successfully initialized
debug 2025/05/28 17:06:41 Request package successfully initialized
debug 2025/05/28 17:15:49 Request package successfully initialized
debug 2025/05/28 17:15:57 Request package successfully initialized
debug 2025/05/28 17:23:46 Request package successfully initialized
debug 2025/05/28 17:24:44 Request package successfully initialized
debug 2025/05/28 17:24:50 Request package successfully initialized
debug 2025/05/28 17:33:00 Request package successfully initialized
debug 2025/05/28 17:34:38 Request package successfully initialized
debug 2025/05/28 18:07:04 Request package successfully initialized
debug 2025/05/28 19:51:02 Request package successfully initialized
debug 2025/05/28 19:51:30 Request package successfully initialized
debug 2025/05/28 20:02:36 Request package successfully initialized
debug 2025/05/28 20:03:01 Request package successfully initialized
debug 2025/05/28 20:03:33 Request package successfully initialized
debug 2025/05/28 20:03:39 Request package successfully initialized
debug 2025/05/28 20:03:55 program was killed: program was interrupted
debug 2025/05/28 20:03:57 Request package successfully initialized
debug 2025/05/28 20:05:26 program was killed: program was interrupted
debug 2025/05/28 20:07:03 Request package successfully initialized
debug 2025/05/28 20:07:37 Request package successfully initialized
debug 2025/05/28 20:08:15 program was killed: program was interrupted
debug 2025/05/28 20:08:43 Request package successfully initialized
debug 2025/05/28 20:09:00 Request package successfully initialized
debug 2025/05/28 20:09:33 program was killed: program was interrupted
debug 2025/05/28 20:09:56 Request package successfully initialized
debug 2025/05/28 20:12:02 Request package successfully initialized
debug 2025/05/28 20:12:37 Request package successfully initialized
debug 2025/05/28 20:18:34 Request package successfully initialized
debug 2025/05/28 20:20:04 Request package successfully initialized
debug 2025/05/28 20:20:50 Request package successfully initialized
debug 2025/05/28 20:21:29 Request package successfully initialized
debug 2025/05/28 20:22:44 Request package successfully initialized
debug 2025/05/28 20:25:44 Request package successfully initialized
debug 2025/05/28 20:29:19 Request package successfully initialized
debug 2025/05/28 20:29:59 Request package successfully initialized
debug 2025/05/28 20:31:30 Request package successfully initialized
debug 2025/05/28 20:32:54 Request package successfully initialized
debug 2025/05/28 20:33:57 Request package successfully initialized
debug 2025/05/28 20:34:23 Request package successfully initialized
debug 2025/05/28 21:01:10 Request package successfully initialized
debug 2025/05/28 21:01:36 Request package successfully initialized
debug 2025/05/28 21:08:25 Request package successfully initialized
debug 2025/05/28 21:10:43 Request package successfully initialized
debug 2025/05/29 00:47:33 Request package successfully initialized
debug 2025/05/29 00:47:50 Request package successfully initialized
debug 2025/05/29 00:48:03 Request package successfully initialized
debug 2025/05/29 00:48:51 Request package successfully initialized
debug 2025/05/29 00:49:27 Request package successfully initialized
debug 2025/05/29 00:49:44 Request package successfully initialized
debug 2025/05/29 00:50:46 Request package successfully initialized
debug 2025/05/29 00:50:56 Request package successfully initialized
debug 2025/05/29 00:52:26 Request package successfully initialized
debug 2025/05/29 01:25:48 Request package successfully initialized
debug 2025/05/29 01:27:29 Request package successfully initialized
debug 2025/05/29 01:39:04 Request package successfully initialized
debug 2025/05/29 01:40:01 Request package successfully initialized
debug 2025/05/29 01:43:59 Request package successfully initialized
debug 2025/05/29 01:46:34 Request package successfully initialized
debug 2025/05/29 01:47:13 Request package successfully initialized
debug 2025/05/29 06:37:09 Request package successfully initialized
debug 2025/05/29 07:05:32 Request package successfully initialized
debug 2025/05/29 07:09:32 Request package successfully initialized
debug 2025/05/29 07:09:50 Request package successfully initialized
debug 2025/05/29 07:47:09 Request package successfully initialized
debug 2025/05/29 07:47:09 program was killed: program experienced a panic
debug 2025/05/29 07:47:52 Request package successfully initialized
debug 2025/05/29 07:47:52 program was killed: program experienced a panic
debug 2025/05/29 07:47:57 Request package successfully initialized
debug 2025/05/29 07:49:40 Request package successfully initialized
debug 2025/05/29 07:51:09 Request package successfully initialized
debug 2025/05/29 08:55:10 Request package successfully initialized
debug 2025/05/29 08:55:17 Request package successfully initialized
debug 2025/05/29 09:01:58 Request package successfully initialized
debug 2025/05/29 09:02:09 Request package successfully initialized
debug 2025/05/29 09:06:02 Request package successfully initialized
debug 2025/05/29 10:02:36 Request package successfully initialized
debug 2025/05/29 10:03:37 Request package successfully initialized
debug 2025/05/29 10:10:33 Request package successfully initialized
debug 2025/05/29 10:13:14 program was killed: program was interrupted
debug 2025/05/29 10:15:24 Request package successfully initialized
debug 2025/05/29 10:22:43 Request package successfully initialized
debug 2025/05/29 10:27:59 Request package successfully initialized
debug 2025/05/29 10:28:41 Request package successfully initialized
debug 2025/05/29 10:29:36 Request package successfully initialized
debug 2025/05/29 10:31:37 Request package successfully initialized
debug 2025/05/29 10:32:25 Request package successfully initialized
debug 2025/05/29 10:34:04 Request package successfully initialized
debug 2025/05/29 10:37:07 Request package successfully initialized
debug 2025/05/29 10:38:26 Request package successfully initialized
debug 2025/05/29 10:39:58 Request package successfully initialized
debug 2025/05/29 10:54:51 Request package successfully initialized
debug 2025/05/29 11:00:27 Request package successfully initialized
debug 2025/05/29 11:01:25 Request package successfully initialized
debug 2025/05/29 11:04:12 Request package successfully initialized
debug 2025/05/29 11:08:24 Request package successfully initialized
debug 2025/05/29 11:09:29 Request package successfully initialized
debug 2025/05/29 11:11:22 Request package successfully initialized
debug 2025/05/29 11:13:41 Request package successfully initialized
debug 2025/05/29 11:18:47 Request package successfully initialized
debug 2025/05/29 11:23:06 Request package successfully initialized
debug 2025/05/29 11:26:47 Request package successfully initialized
debug 2025/05/29 11:28:35 Request package successfully initialized
debug 2025/05/29 11:29:06 Request package successfully initialized
debug 2025/05/29 11:29:51 Request package successfully initialized
debug 2025/05/29 11:33:03 Request package successfully initialized
debug 2025/05/29 11:34:34 Request package successfully initialized
debug 2025/05/29 11:36:59 Request package successfully initialized
debug 2025/05/29 11:41:53 Request package successfully initialized
debug 2025/05/29 11:43:46 Request package successfully initialized
debug 2025/05/29 11:44:22 Request package successfully initialized
debug 2025/05/29 11:45:25 Request package successfully initialized
debug 2025/05/29 11:49:05 Request package successfully initialized
debug 2025/05/29 11:50:29 Request package successfully initialized
debug 2025/05/29 11:54:17 Request package successfully initialized
debug 2025/05/29 11:55:48 Request package successfully initialized
debug 2025/05/29 11:57:09 Request package successfully initialized
debug 2025/05/29 11:58:50 Request package successfully initialized
debug 2025/05/29 11:59:39 Request package successfully initialized
debug 2025/05/29 11:59:43 Request package successfully initialized
debug 2025/05/29 12:02:39 Request package successfully initialized
debug 2025/05/29 12:03:30 program was killed: program was interrupted
debug 2025/05/29 12:04:34 Request package successfully initialized
debug 2025/05/29 12:05:09 Request package successfully initialized
debug 2025/05/29 12:10:50 Request package successfully initialized
debug 2025/05/29 12:11:30 Request package successfully initialized
debug 2025/05/29 13:33:28 Request package successfully initialized
debug 2025/05/29 13:33:48 Request package successfully initialized
debug 2025/05/29 13:36:32 Request package successfully initialized
debug 2025/05/29 13:45:57 Request package successfully initialized
debug 2025/05/29 14:12:35 Request package successfully initialized
debug 2025/05/29 15:10:19 Request package successfully initialized
debug 2025/05/29 15:39:04 Request package successfully initialized
debug 2025/05/29 15:39:47 Request package successfully initialized
debug 2025/05/29 15:43:07 program was killed: program was interrupted
debug 2025/05/29 15:43:07 Request package successfully initialized
debug 2025/05/29 15:46:34 program was killed: program was interrupted
debug 2025/05/29 15:47:32 Request package successfully initialized
debug 2025/05/29 15:54:40 Request package successfully initialized
debug 2025/05/29 16:01:57 Request package successfully initialized
debug 2025/05/29 16:06:41 Request package successfully initialized
debug 2025/05/29 16:09:46 Request package successfully initialized
debug 2025/05/29 16:11:34 Request package successfully initialized
debug 2025/05/29 16:13:47 Request package successfully initialized
debug 2025/05/29 16:28:08 Request package successfully initialized
debug 2025/05/29 23:15:03 Request package successfully initialized
debug 2025/05/29 23:16:59 Request package successfully initialized
debug 2025/05/29 23:17:48 Request package successfully initialized
debug 2025/05/29 23:22:24 Request package successfully initialized
debug 2025/05/29 23:23:15 Request package successfully initialized
debug 2025/05/29 23:23:55 program was killed: program was interrupted
debug 2025/05/29 23:24:00 Request package successfully initialized
debug 2025/05/29 23:24:38 Request package successfully initialized
debug 2025/05/29 23:26:02 program was killed: program was interrupted
debug 2025/05/29 23:27:08 Request package successfully initialized
debug 2025/05/29 23:28:44 Request package successfully initialized
debug 2025/05/29 23:29:38 program was killed: program was interrupted
debug 2025/05/29 23:29:42 Request package successfully initialized
debug 2025/05/29 23:32:27 Request package successfully initialized
debug 2025/05/29 23:38:41 Request package successfully initialized
debug 2025/05/29 23:50:07 Request package successfully initialized
debug 2025/05/29 23:54:16 Request package successfully initialized
debug 2025/05/29 23:55:17 Request package successfully initialized
debug 2025/05/29 23:56:51 Request package successfully initialized
debug 2025/05/29 23:59:00 Request package successfully initialized
debug 2025/05/30 00:00:04 Request package successfully initialized
debug 2025/05/30 00:00:39 Request package successfully initialized
debug 2025/05/30 00:01:14 Request package successfully initialized
debug 2025/05/30 00:01:51 Request package successfully initialized
debug 2025/05/30 00:02:27 Request package successfully initialized
debug 2025/05/30 00:03:06 Request package successfully initialized
debug 2025/05/30 00:03:31 Request package successfully initialized
debug 2025/05/30 00:03:54 Request package successfully initialized
debug 2025/05/30 00:08:47 Request package successfully initialized
debug 2025/05/30 00:23:45 Request package successfully initialized
debug 2025/05/30 00:24:53 Request package successfully initialized
debug 2025/05/30 00:25:10 Request package successfully initialized
debug 2025/05/30 00:25:33 Request package successfully initialized
debug 2025/05/30 00:25:56 Request package successfully initialized
debug 2025/05/30 00:27:12 Request package successfully initialized
debug 2025/05/30 00:27:34 Request package successfully initialized
debug 2025/05/30 07:05:47 error while writing the config file : Config File "farental" Not Found in "[/home/halsten/.configfarental_tui]"
debug 2025/05/30 07:06:11 error while writing the config file : Config File "farental" Not Found in "[/home/halsten/.configfarental_tui]"
debug 2025/05/30 07:06:58 error while writing the config file : Config File "farental" Not Found in "[/home/halsten/.configfarental_tui]"
debug 2025/05/30 07:07:02 error while writing the config file : Config File "farental" Not Found in "[/home/halsten/.config/farental_tui]"
debug 2025/05/30 07:07:11 error while writing the config file : Config File "farental" Not Found in "[/home/halsten/.config/farental_tui]"
debug 2025/05/30 07:08:30 error while writing the config file : open /home/halsten/.config/farental_tui/farental.toml: no such file or directory
debug 2025/05/30 07:11:12 error while writing the config file : open /home/halsten/.config/farental_tui/farental.toml: no such file or directory
debug 2025/05/30 07:11:29 error while writing the config file : open /home/halsten/.config/farental_tui/farental.toml: no such file or directory
debug 2025/05/30 07:11:46 error while writing the config file : 
debug 2025/05/30 07:11:59 error while writing the config file : 
debug 2025/05/30 07:12:15 error while writing the config file : open /home/halsten/.config/farental_tui/farental.toml: no such file or directory
debug 2025/05/30 07:16:42 Request package successfully initialized
debug 2025/05/30 07:16:54 Request package successfully initialized
debug 2025/05/30 07:19:26 Request package successfully initialized
debug 2025/05/30 07:21:39 Request package successfully initialized
debug 2025/05/30 07:21:52 program was killed: program was interrupted
debug 2025/05/30 07:21:56 Request package successfully initialized
debug 2025/05/30 07:23:02 Request package successfully initialized
debug 2025/05/30 07:28:19 Request package successfully initialized
debug 2025/05/30 07:36:14 Request package successfully initialized
debug 2025/05/30 07:37:53 Request package successfully initialized
debug 2025/05/30 07:37:59 could not save last used e-mail :  Config File "/home/halsten/.config/farental_tui/farental.toml" Already Exists
debug 2025/05/30 07:38:17 Request package successfully initialized
debug 2025/05/30 07:39:06 Request package successfully initialized
debug 2025/05/30 07:39:15 Request package successfully initialized
debug 2025/05/30 07:40:07 Request package successfully initialized
debug 2025/05/30 15:50:26 Request package successfully initialized
debug 2025/05/30 15:50:49 Request package successfully initialized
debug 2025/05/30 16:33:22 Request package successfully initialized
debug 2025/05/30 16:49:03 Request package successfully initialized
debug 2025/05/30 16:54:48 Request package successfully initialized
debug 2025/05/30 16:56:21 Request package successfully initialized
debug 2025/05/30 17:01:11 Request package successfully initialized
debug 2025/05/30 17:09:41 Request package successfully initialized
debug 2025/05/30 17:14:49 Request package successfully initialized
debug 2025/05/30 17:18:12 Request package successfully initialized
debug 2025/05/30 17:19:00 Request package successfully initialized
debug 2025/05/30 17:21:16 Request package successfully initialized
debug 2025/05/30 17:22:40 Request package successfully initialized
debug 2025/05/31 14:24:18 Request package successfully initialized
debug 2025/05/31 14:25:10 Request package successfully initialized
debug 2025/05/31 14:26:53 Request package successfully initialized
debug 2025/05/31 14:29:00 Request package successfully initialized
debug 2025/05/31 14:29:31 Request package successfully initialized
debug 2025/05/31 14:33:59 Request package successfully initialized
debug 2025/05/31 14:37:27 Request package successfully initialized
debug 2025/05/31 14:38:39 Request package successfully initialized
debug 2025/05/31 14:44:14 Request package successfully initialized
debug 2025/05/31 14:44:28 Request package successfully initialized
debug 2025/05/31 15:01:28 Request package successfully initialized
debug 2025/05/31 15:20:19 Request package successfully initialized
debug 2025/05/31 15:27:09 Get "http://127.0.0.1:3000/character/info": dial tcp 127.0.0.1:3000: connect: connection refused
debug 2025/05/31 16:11:13 Request package successfully initialized
debug 2025/05/31 16:16:04 Request package successfully initialized
debug 2025/05/31 16:16:07 program was killed: program experienced a panic
debug 2025/05/31 16:17:40 Request package successfully initialized
debug 2025/05/31 16:18:04 Request package successfully initialized
debug 2025/05/31 16:19:24 Request package successfully initialized
debug 2025/05/31 16:22:40 Request package successfully initialized
debug 2025/05/31 16:23:41 Request package successfully initialized
debug 2025/05/31 16:24:54 Request package successfully initialized
debug 2025/05/31 16:27:05 Request package successfully initialized
debug 2025/05/31 16:27:28 Request package successfully initialized
debug 2025/05/31 16:30:56 Request package successfully initialized
debug 2025/05/31 16:31:07 401 &{[{One task is still in progress}]}
debug 2025/05/31 16:32:42 Request package successfully initialized
